#
# There is insufficient memory for the Java Runtime Environment to continue.
# Native memory allocation (mmap) failed to map 132120576 bytes. Error detail: G1 virtual space
# Possible reasons:
#   The system is out of physical RAM or swap space
#   This process is running with CompressedOops enabled, and the Java Heap may be blocking the growth of the native heap
# Possible solutions:
#   Reduce memory load on the system
#   Increase physical memory or swap space
#   Check if swap backing store is full
#   Decrease Java heap size (-Xmx/-Xms)
#   Decrease number of Java threads
#   Decrease Java thread stack sizes (-Xss)
#   Set larger code cache with -XX:ReservedCodeCacheSize=
#   JVM is running with Unscaled Compressed Oops mode in which the Java heap is
#     placed in the first 4GB address space. The Java Heap base address is the
#     maximum limit for the native heap growth. Please use -XX:HeapBaseMinAddress
#     to set the Java Heap base and to place the Java Heap above 4GB virtual address.
# This output file may be truncated or incomplete.
#
#  Out of Memory Error (os_windows.cpp:3828), pid=15196, tid=14380
#
# JRE version:  (21.0.5+8) (build )
# Java VM: OpenJDK 64-Bit Server VM (21.0.5+8-b631.30, mixed mode, sharing, tiered, compressed oops, compressed class ptrs, g1 gc, windows-amd64)
# No core dump will be written. Minidumps are not enabled by default on client versions of Windows
#

---------------  S U M M A R Y ------------

Command Line: git4idea.http.GitAskPassApp Username for 'https://github.com': 

Host: Intel(R) Core(TM) i3-1005G1 CPU @ 1.20GHz, 4 cores, 7G,  Windows 11 , 64 bit Build 26100 (10.0.26100.3037)
Time: Sun Feb  2 01:58:20 2025 Egypt Standard Time elapsed time: 0.202527 seconds (0d 0h 0m 0s)

---------------  T H R E A D  ---------------

Current thread (0x000001694173a5c0):  JavaThread "Unknown thread" [_thread_in_vm, id=14380, stack(0x00000037f3600000,0x00000037f3700000) (1024K)]

Stack: [0x00000037f3600000,0x00000037f3700000]
Native frames: (J=compiled Java code, j=interpreted, Vv=VM code, C=native code)
V  [jvm.dll+0x6e52b9]
V  [jvm.dll+0x8c3633]
V  [jvm.dll+0x8c5b8e]
V  [jvm.dll+0x8c6273]
V  [jvm.dll+0x288f46]
V  [jvm.dll+0x6e1a35]
V  [jvm.dll+0x6d5e3a]
V  [jvm.dll+0x3634bb]
V  [jvm.dll+0x36b086]
V  [jvm.dll+0x3bd346]
V  [jvm.dll+0x3bd618]
V  [jvm.dll+0x335c2c]
V  [jvm.dll+0x33691b]
V  [jvm.dll+0x88aa89]
V  [jvm.dll+0x3ca518]
V  [jvm.dll+0x873b98]
V  [jvm.dll+0x45eede]
V  [jvm.dll+0x460bc1]
C  [jli.dll+0x52ab]
C  [ucrtbase.dll+0x37b0]
C  [KERNEL32.DLL+0x2e8d7]
C  [ntdll.dll+0xbbf2c]


---------------  P R O C E S S  ---------------

Threads class SMR info:
_java_thread_list=0x00007ffb3dd5a148, length=0, elements={
}

Java Threads: ( => current thread )
Total: 0

Other Threads:
  0x0000016943989260 WorkerThread "GC Thread#0"                     [id=1356, stack(0x00000037f3700000,0x00000037f3800000) (1024K)]
  0x000001694399a890 ConcurrentGCThread "G1 Main Marker"            [id=5996, stack(0x00000037f3800000,0x00000037f3900000) (1024K)]
  0x000001694399ba40 WorkerThread "G1 Conc#0"                       [id=8512, stack(0x00000037f3900000,0x00000037f3a00000) (1024K)]

[error occurred during error reporting (printing all threads), id 0xc0000005, EXCEPTION_ACCESS_VIOLATION (0xc0000005) at pc=0x00007ffb3d448ce7]
VM state: not at safepoint (not fully initialized)

VM Mutex/Monitor currently owned by a thread:  ([mutex/lock_event])
[0x00007ffb3ddceb30] Heap_lock - owner thread: 0x000001694173a5c0

Heap address: 0x0000000083a00000, size: 1990 MB, Compressed Oops mode: 32-bit

CDS archive(s) mapped at: [0x0000000000000000-0x0000000000000000-0x0000000000000000), size 0, SharedBaseAddress: 0x0000000800000000, ArchiveRelocationMode: 1.
Narrow klass base: 0x0000000000000000, Narrow klass shift: 0, Narrow klass range: 0x0

GC Precious Log:
 CardTable entry size: 512
 Card Set container configuration: InlinePtr #cards 5 size 8 Array Of Cards #cards 12 size 40 Howl #buckets 4 coarsen threshold 1843 Howl Bitmap #cards 512 size 80 coarsen threshold 460 Card regions per heap region 1 cards per card region 2048

Heap:
 garbage-first heap   total 0K, used 0K [0x0000000083a00000, 0x0000000100000000)
  region size 1024K, 0 young (0K), 0 survivors (0K)
 Metaspace       used 0K, committed 0K, reserved 0K
  class space    used 0K, committed 0K, reserved 0K

Heap Regions: E=young(eden), S=young(survivor), O=old, HS=humongous(starts), HC=humongous(continues), CS=collection set, F=free, TAMS=top-at-mark-start, PB=parsable bottom

Card table byte_map: [0x0000016956cb0000,0x00000169570a0000] _byte_map_base: 0x0000016956893000

Marking Bits: (CMBitMap*) 0x0000016943989870
 Bits: [0x00000169570a0000, 0x0000016958fb8000)

GC Heap History (0 events):
No events

Dll operation events (1 events):
Event: 0.011 Loaded shared library D:\ideaIU-2024.2.4\jbr\bin\java.dll

Deoptimization events (0 events):
No events

Classes loaded (0 events):
No events

Classes unloaded (0 events):
No events

Classes redefined (0 events):
No events

Internal exceptions (0 events):
No events

ZGC Phase Switch (0 events):
No events

VM Operations (0 events):
No events

Memory protections (0 events):
No events

Nmethod flushes (0 events):
No events

Events (0 events):
No events


Dynamic libraries:
0x00007ff66c740000 - 0x00007ff66c74a000 	D:\ideaIU-2024.2.4\jbr\bin\java.exe
0x00007ffbaece0000 - 0x00007ffbaef43000 	C:\Windows\SYSTEM32\ntdll.dll
0x00007ffbae150000 - 0x00007ffbae217000 	C:\Windows\System32\KERNEL32.DLL
0x00007ffbac150000 - 0x00007ffbac517000 	C:\Windows\System32\KERNELBASE.dll
0x00007ffba8330000 - 0x00007ffba83cc000 	C:\Windows\SYSTEM32\apphelp.dll
0x00007ffbac860000 - 0x00007ffbac9ac000 	C:\Windows\System32\ucrtbase.dll
0x00007ffba3e70000 - 0x00007ffba3e8b000 	D:\ideaIU-2024.2.4\jbr\bin\VCRUNTIME140.dll
0x00007ffba2cb0000 - 0x00007ffba2cc8000 	D:\ideaIU-2024.2.4\jbr\bin\jli.dll
0x00007ffbae580000 - 0x00007ffbae749000 	C:\Windows\System32\USER32.dll
0x00007ffb91dc0000 - 0x00007ffb92050000 	C:\Windows\WinSxS\amd64_microsoft.windows.common-controls_6595b64144ccf1df_6.0.26100.3037_none_3e09262ce333c378\COMCTL32.dll
0x00007ffbac080000 - 0x00007ffbac0a7000 	C:\Windows\System32\win32u.dll
0x00007ffbae770000 - 0x00007ffbae819000 	C:\Windows\System32\msvcrt.dll
0x00007ffbadfc0000 - 0x00007ffbadfea000 	C:\Windows\System32\GDI32.dll
0x00007ffbac520000 - 0x00007ffbac64b000 	C:\Windows\System32\gdi32full.dll
0x00007ffbac9b0000 - 0x00007ffbaca53000 	C:\Windows\System32\msvcp_win.dll
0x00007ffbae350000 - 0x00007ffbae37f000 	C:\Windows\System32\IMM32.DLL
0x00007ffba3ab0000 - 0x00007ffba3abc000 	D:\ideaIU-2024.2.4\jbr\bin\vcruntime140_1.dll
0x00007ffb7f150000 - 0x00007ffb7f1dd000 	D:\ideaIU-2024.2.4\jbr\bin\msvcp140.dll
0x00007ffb3d100000 - 0x00007ffb3dec1000 	D:\ideaIU-2024.2.4\jbr\bin\server\jvm.dll
0x00007ffbae390000 - 0x00007ffbae444000 	C:\Windows\System32\ADVAPI32.dll
0x00007ffbadd70000 - 0x00007ffbade16000 	C:\Windows\System32\sechost.dll
0x00007ffbae460000 - 0x00007ffbae576000 	C:\Windows\System32\RPCRT4.dll
0x00007ffbadc90000 - 0x00007ffbadd04000 	C:\Windows\System32\WS2_32.dll
0x00007ffbabf10000 - 0x00007ffbabf5e000 	C:\Windows\SYSTEM32\POWRPROF.dll
0x00007ffba32a0000 - 0x00007ffba32ab000 	C:\Windows\SYSTEM32\VERSION.dll
0x00007ffb8b100000 - 0x00007ffb8b136000 	C:\Windows\SYSTEM32\WINMM.dll
0x00007ffbabe40000 - 0x00007ffbabe54000 	C:\Windows\SYSTEM32\UMPDC.dll
0x00007ffbaae70000 - 0x00007ffbaae8a000 	C:\Windows\SYSTEM32\kernel.appcore.dll
0x00007ffba3440000 - 0x00007ffba344a000 	D:\ideaIU-2024.2.4\jbr\bin\jimage.dll
0x00007ffba97a0000 - 0x00007ffba99e1000 	C:\Windows\SYSTEM32\DBGHELP.DLL
0x00007ffbae830000 - 0x00007ffbaebae000 	C:\Windows\System32\combase.dll
0x00007ffbada30000 - 0x00007ffbadb06000 	C:\Windows\System32\OLEAUT32.dll
0x00007ffb91b60000 - 0x00007ffb91b99000 	C:\Windows\SYSTEM32\dbgcore.DLL
0x00007ffbac0b0000 - 0x00007ffbac149000 	C:\Windows\System32\bcryptPrimitives.dll
0x00007ffba3210000 - 0x00007ffba3230000 	D:\ideaIU-2024.2.4\jbr\bin\java.dll

dbghelp: loaded successfully - version: 4.0.5 - missing functions: none
symbol engine: initialized successfully - sym options: 0x614 - pdb path: .;D:\ideaIU-2024.2.4\jbr\bin;C:\Windows\SYSTEM32;C:\Windows\WinSxS\amd64_microsoft.windows.common-controls_6595b64144ccf1df_6.0.26100.3037_none_3e09262ce333c378;D:\ideaIU-2024.2.4\jbr\bin\server

VM Arguments:
java_command: git4idea.http.GitAskPassApp Username for 'https://github.com': 
java_class_path (initial): D:/ideaIU-2024.2.4/plugins/vcs-git/lib/git4idea-rt.jar;D:/ideaIU-2024.2.4/lib/externalProcess-rt.jar
Launcher Type: SUN_STANDARD

[Global flags]
     intx CICompilerCount                          = 3                                         {product} {ergonomic}
     uint ConcGCThreads                            = 1                                         {product} {ergonomic}
     uint G1ConcRefinementThreads                  = 4                                         {product} {ergonomic}
   size_t G1HeapRegionSize                         = 1048576                                   {product} {ergonomic}
    uintx GCDrainStackTargetSize                   = 64                                        {product} {ergonomic}
   size_t InitialHeapSize                          = 132120576                                 {product} {ergonomic}
   size_t MarkStackSize                            = 4194304                                   {product} {ergonomic}
   size_t MaxHeapSize                              = 2086666240                                {product} {ergonomic}
   size_t MinHeapDeltaBytes                        = 1048576                                   {product} {ergonomic}
   size_t MinHeapSize                              = 8388608                                   {product} {ergonomic}
    uintx NonNMethodCodeHeapSize                   = 5832780                                {pd product} {ergonomic}
    uintx NonProfiledCodeHeapSize                  = 122912730                              {pd product} {ergonomic}
    uintx ProfiledCodeHeapSize                     = 122912730                              {pd product} {ergonomic}
    uintx ReservedCodeCacheSize                    = 251658240                              {pd product} {ergonomic}
     bool SegmentedCodeCache                       = true                                      {product} {ergonomic}
   size_t SoftMaxHeapSize                          = 2086666240                             {manageable} {ergonomic}
     bool UseCompressedOops                        = true                           {product lp64_product} {ergonomic}
     bool UseG1GC                                  = true                                      {product} {ergonomic}
     bool UseLargePagesIndividualAllocation        = false                                  {pd product} {ergonomic}

Logging:
Log output configuration:
 #0: stdout all=warning uptime,level,tags foldmultilines=false
 #1: stderr all=off uptime,level,tags foldmultilines=false

Environment Variables:
PATH=C:/Program Files/Git/mingw64/libexec/git-core;C:/Program Files/Git/mingw64/libexec/git-core;C:\Program Files\Git\mingw64\bin;C:\Program Files\Git\usr\bin;C:\Users\HAYTHAM\bin;C:\Python312\Scripts\;C:\Python312\;C:\Windows\system32;C:\Windows;C:\Windows\System32\Wbem;C:\Windows\System32\WindowsPowerShell\v1.0\;C:\Windows\System32\OpenSSH\;C:\Program Files\nodejs\;C:\ProgramData\chocolatey\bin;C:\Program Files\Git LFS;C:\Program Files\PuTTY\;C:\Program Files (x86)\Gpg4win\..\GnuPG\bin;C:\Strawberry\c\bin;C:\Strawberry\perl\site\bin;C:\Strawberry\perl\bin;C:\Program Files\dotnet\;C:\Program Files\Git\cmd;C:\Users\HAYTHAM\AppData\Local\Microsoft\WindowsApps;C:\Users\HAYTHAM\AppData\Roaming\npm;C:\BIND9\bin;C:\curl\bin;C:\OpenSSL\bin;C:\Android\platform-tools
USERNAME=HAYTHAM
DISPLAY=:0.0
LC_ALL=en_US.UTF-8
TERM=xterm-256color
TMPDIR=C:\Users\HAYTHAM\AppData\Local\Temp
OS=Windows_NT
PROCESSOR_IDENTIFIER=Intel64 Family 6 Model 126 Stepping 5, GenuineIntel
TMP=C:\Users\HAYTHAM\AppData\Local\Temp
TEMP=C:\Users\HAYTHAM\AppData\Local\Temp




Periodic native trim disabled

JNI global refs:
JNI global refs: 0, weak refs: 0

JNI global refs memory usage: 0, weak refs: 0

Process memory usage:
Resident Set Size: 13628K (0% of 8150356K total physical memory with 510304K free physical memory)

OOME stack traces (most recent first):
Classloader memory used:

---------------  S Y S T E M  ---------------

OS:
 Windows 11 , 64 bit Build 26100 (10.0.26100.3037)
OS uptime: 2 days 14:44 hours
Hyper-V role detected

CPU: total 4 (initial active 4) (2 cores per cpu, 2 threads per core) family 6 model 126 stepping 5 microcode 0xc2, cx8, cmov, fxsr, ht, mmx, 3dnowpref, sse, sse2, sse3, ssse3, sse4.1, sse4.2, popcnt, lzcnt, tsc, tscinvbit, avx, avx2, aes, erms, clmul, bmi1, bmi2, adx, avx512f, avx512dq, avx512cd, avx512bw, avx512vl, sha, fma, vzeroupper, avx512_vpopcntdq, avx512_vpclmulqdq, avx512_vaes, avx512_vnni, clflush, clflushopt, avx512_vbmi2, avx512_vbmi, hv, rdtscp, rdpid, fsrm, gfni, avx512_bitalg, f16c, avx512_ifma
Processor Information for all 4 processors :
  Max Mhz: 1190, Current Mhz: 1190, Mhz Limit: 1190

Memory: 4k page, system-wide physical 7959M (498M free)
TotalPageFile size 15959M (AvailPageFile size 87M)
current process WorkingSet (physical memory assigned to process): 13M, peak: 13M
current process commit charge ("private bytes"): 52M, peak: 178M

vm_info: OpenJDK 64-Bit Server VM (21.0.5+8-b631.30) for windows-amd64 JRE (21.0.5+8-b631.30), built on 2024-12-06 by "builduser" with MS VC++ 16.10 / 16.11 (VS2019)

END.
